2020-12-13 15:18:31,728 ERROR 8108 nodejs.ENOENTError: spawn roadhog ENOENT
    at Process.ChildProcess._handle.onexit (internal/child_process.js:269:19)
    at onErrorNT (internal/child_process.js:465:16)
    at processTicksAndRejections (internal/process/task_queues.js:80:21)
errno: -2
code: "ENOENT"
syscall: "spawn roadhog"
path: "roadhog"
spawnargs: ["dev"]
name: "ENOENTError"
pid: 8108
hostname: chenjiayuandeMacBook-Pro.local

2020-12-13 15:20:21,709 ERROR 8143 nodejs.ENOENTError: spawn roadhog ENOENT
    at Process.ChildProcess._handle.onexit (internal/child_process.js:269:19)
    at onErrorNT (internal/child_process.js:465:16)
    at processTicksAndRejections (internal/process/task_queues.js:80:21)
errno: -2
code: "ENOENT"
syscall: "spawn roadhog"
path: "roadhog"
spawnargs: ["dev"]
name: "ENOENTError"
pid: 8143
hostname: chenjiayuandeMacBook-Pro.local

2020-12-13 15:21:21,973 ERROR 8143 [egg-view-assets] Run "roadhog dev" failed after 60s
