2020-12-13 15:18:32,653 INFO 8110 [egg:logger] init all loggers with options: {"dir":"/Users/chenjiayuan/Documents/mk-project/egg/logs/mk","encoding":"utf8","env":"local","level":"INFO","consoleLevel":"INFO","disableConsoleAfterReady":false,"outputJSON":false,"buffer":true,"appLogName":"mk-web.log","coreLogName":"egg-web.log","agentLogName":"egg-agent.log","errorLogName":"common-error.log","coreLogger":{"consoleLevel":"WARN"},"allowDebugAtProd":false,"type":"application"}
2020-12-13 15:18:32,675 INFO 8110 [egg-multipart] stream mode enable
2020-12-13 15:18:32,737 INFO 8110 [egg-static] starting static serve / -> /Users/chenjiayuan/Documents/mk-project/egg/app/public
2020-12-13 15:18:32,739 INFO 8110 [egg-security] use csrf middleware
2020-12-13 15:18:32,740 INFO 8110 [egg-security] use methodnoallow middleware
2020-12-13 15:18:32,740 INFO 8110 [egg-security] use noopen middleware
2020-12-13 15:18:32,740 INFO 8110 [egg-security] use nosniff middleware
2020-12-13 15:18:32,741 INFO 8110 [egg-security] use xssProtection middleware
2020-12-13 15:18:32,741 INFO 8110 [egg-security] use xframe middleware
2020-12-13 15:18:32,741 INFO 8110 [egg-security] use dta middleware
2020-12-13 15:18:32,742 INFO 8110 [egg-security] compose 7 middlewares into one security middleware
2020-12-13 15:18:32,748 INFO 8110 [egg:core] dump config after load, 3ms
2020-12-13 15:18:32,760 INFO 8110 [egg-watcher:application] watcher start success
2020-12-13 15:18:32,766 INFO 8110 [egg:core] dump config after ready, 5ms
2020-12-13 15:20:22,342 INFO 8145 [egg:logger] init all loggers with options: {"dir":"/Users/chenjiayuan/Documents/mk-project/egg/logs/mk","encoding":"utf8","env":"local","level":"INFO","consoleLevel":"INFO","disableConsoleAfterReady":false,"outputJSON":false,"buffer":true,"appLogName":"mk-web.log","coreLogName":"egg-web.log","agentLogName":"egg-agent.log","errorLogName":"common-error.log","coreLogger":{"consoleLevel":"WARN"},"allowDebugAtProd":false,"type":"application"}
2020-12-13 15:20:22,362 INFO 8145 [egg-multipart] stream mode enable
2020-12-13 15:20:22,414 INFO 8145 [egg-static] starting static serve / -> /Users/chenjiayuan/Documents/mk-project/egg/app/public
2020-12-13 15:20:22,416 INFO 8145 [egg-security] use csrf middleware
2020-12-13 15:20:22,416 INFO 8145 [egg-security] use methodnoallow middleware
2020-12-13 15:20:22,417 INFO 8145 [egg-security] use noopen middleware
2020-12-13 15:20:22,417 INFO 8145 [egg-security] use nosniff middleware
2020-12-13 15:20:22,417 INFO 8145 [egg-security] use xssProtection middleware
2020-12-13 15:20:22,418 INFO 8145 [egg-security] use xframe middleware
2020-12-13 15:20:22,418 INFO 8145 [egg-security] use dta middleware
2020-12-13 15:20:22,418 INFO 8145 [egg-security] compose 7 middlewares into one security middleware
2020-12-13 15:20:22,424 INFO 8145 [egg:core] dump config after load, 4ms
2020-12-13 15:20:22,434 INFO 8145 [egg-watcher:application] watcher start success
2020-12-13 15:20:22,441 INFO 8145 [egg:core] dump config after ready, 5ms
2020-12-13 15:20:28,595 INFO 8145 [egg-view-nunjucks] loading templates from ["/Users/chenjiayuan/Documents/mk-project/egg/app/view"]
